<!DOCTYPE html>
<html>
<head>
    <title>Unittest Results</title>
    <meta charset="utf-8">
    <meta name="viewport" content="width=device-width, initial-scale=1.0">
    <link rel="stylesheet" href="https://maxcdn.bootstrapcdn.com/bootstrap/3.3.6/css/bootstrap.min.css" integrity="sha384-1q8mTJOASx8j1Au+a5WDVnPi2lkFfwwEAa8hDDdjZlpLegxhjVME1fgjWPGmkzs7" crossorigin="anonymous">
</head>
<body>
    <div class="container">
        <div class="row">
            <div class="col-xs-12">
                <h2 class="text-capitalize">Unittest Results</h2>
                <p class='attribute'><strong>Start Time: </strong>2025-01-22 12:44:18</p>
                <p class='attribute'><strong>Duration: </strong>10.70 s</p>
                <p class='attribute'><strong>Summary: </strong>Total: 1, Pass: 0, Error: 1</p>
            </div>
        </div>
        <div class="row">
            <div class="col-xs-12 col-sm-10 col-md-10">
                <table class='table table-hover table-responsive'>
                    <thead>
                        <tr>
                            <th>__main__.LoginTest</th>
                            <th>Status</th>
                            <th></th>
                        </tr>
                    </thead>
                    <tbody>
                        <tr class='warning'>
                            <td class="col-xs-10">test_login</td>
                            <td class="col-xs-1">
                                <span class="label label-warning" style="display:block;width:40px;">Error</span>
                            </td>
                            <td class="col-xs-1">
                                <button class="btn btn-default btn-xs">View</button>
                            </td>
                        </tr>
                        <tr style="display:none;">
                            <td class="col-xs-9" colspan="3"><p style="color:maroon;">NoSuchElementException: Message: no such element: Unable to locate element: {"method":"css selector","selector":"[name="//input[@type='submit']"]"}
  (Session info: chrome=122.0.6261.129); For documentation on this error, please visit: https://www.selenium.dev/documentation/webdriver/troubleshooting/errors#no-such-element-exception
Stacktrace:
	GetHandleVerifier [0x00007FF677A5AD22+56930]
	(No symbol) [0x00007FF6779CF622]
	(No symbol) [0x00007FF6778842E5]
	(No symbol) [0x00007FF6778C98ED]
	(No symbol) [0x00007FF6778C9A2C]
	(No symbol) [0x00007FF67790A967]
	(No symbol) [0x00007FF6778EBCDF]
	(No symbol) [0x00007FF6779081E2]
	(No symbol) [0x00007FF6778EBA43]
	(No symbol) [0x00007FF6778BD438]
	(No symbol) [0x00007FF6778BE4D1]
	GetHandleVerifier [0x00007FF677DD6AAD+3709933]
	GetHandleVerifier [0x00007FF677E2FFED+4075821]
	GetHandleVerifier [0x00007FF677E2817F+4043455]
	GetHandleVerifier [0x00007FF677AF9756+706710]
	(No symbol) [0x00007FF6779DB8FF]
	(No symbol) [0x00007FF6779D6AE4]
	(No symbol) [0x00007FF6779D6C3C]
	(No symbol) [0x00007FF6779C68F4]
	BaseThreadInitThunk [0x00007FFFF59A259D+29]
	RtlUserThreadStart [0x00007FFFF780AF38+40]
</p><p style="color:maroon;">Traceback (most recent call last):
  File "C:\Users\Lenovo\PycharmProjects\pythonProject\test_cases\LoginTest.py", line 25, in test_login
    lp.click_login()
  File "C:\Users\Lenovo\PycharmProjects\pythonProject\page_objects\Login_page.py", line 23, in click_login
    self.driver.find_element(By.NAME, self.login_button_xpath).click()
    ^^^^^^^^^^^^^^^^^^^^^^^^^^^^^^^^^^^^^^^^^^^^^^^^^^^^^^^^^^
  File "C:\Users\Lenovo\PycharmProjects\RobotFramework\venv\Lib\site-packages\selenium\webdriver\remote\webdriver.py", line 748, in find_element
    return self.execute(Command.FIND_ELEMENT, {"using": by, "value": value})["value"]
           ^^^^^^^^^^^^^^^^^^^^^^^^^^^^^^^^^^^^^^^^^^^^^^^^^^^^^^^^^^^^^^^^^
  File "C:\Users\Lenovo\PycharmProjects\RobotFramework\venv\Lib\site-packages\selenium\webdriver\remote\webdriver.py", line 354, in execute
    self.error_handler.check_response(response)
  File "C:\Users\Lenovo\PycharmProjects\RobotFramework\venv\Lib\site-packages\selenium\webdriver\remote\errorhandler.py", line 229, in check_response
    raise exception_class(message, screen, stacktrace)
selenium.common.exceptions.NoSuchElementException: Message: no such element: Unable to locate element: {"method":"css selector","selector":"[name="//input[@type='submit']"]"}
  (Session info: chrome=122.0.6261.129); For documentation on this error, please visit: https://www.selenium.dev/documentation/webdriver/troubleshooting/errors#no-such-element-exception
Stacktrace:
	GetHandleVerifier [0x00007FF677A5AD22+56930]
	(No symbol) [0x00007FF6779CF622]
	(No symbol) [0x00007FF6778842E5]
	(No symbol) [0x00007FF6778C98ED]
	(No symbol) [0x00007FF6778C9A2C]
	(No symbol) [0x00007FF67790A967]
	(No symbol) [0x00007FF6778EBCDF]
	(No symbol) [0x00007FF6779081E2]
	(No symbol) [0x00007FF6778EBA43]
	(No symbol) [0x00007FF6778BD438]
	(No symbol) [0x00007FF6778BE4D1]
	GetHandleVerifier [0x00007FF677DD6AAD+3709933]
	GetHandleVerifier [0x00007FF677E2FFED+4075821]
	GetHandleVerifier [0x00007FF677E2817F+4043455]
	GetHandleVerifier [0x00007FF677AF9756+706710]
	(No symbol) [0x00007FF6779DB8FF]
	(No symbol) [0x00007FF6779D6AE4]
	(No symbol) [0x00007FF6779D6C3C]
	(No symbol) [0x00007FF6779C68F4]
	BaseThreadInitThunk [0x00007FFFF59A259D+29]
	RtlUserThreadStart [0x00007FFFF780AF38+40]

</p>
                            </td>
                        </tr>
                        <tr>
                            <td colspan="3">
                                Total: 1, Pass: 0, Error: 1 -- Duration: 10.70 s
                            </td>
                        </tr>
                    </tbody>
                </table>
            </div>
        </div>
    </div>
    <script src="https://ajax.googleapis.com/ajax/libs/jquery/2.2.4/jquery.min.js"></script>
    <script type="text/javascript">
        $(document).ready(function(){
            $('td').on('click', '.btn', function(e){
                e.preventDefault();
                e.stopImmediatePropagation();
                var $this = $(this);
                var $nextRow = $this.closest('tr').next('tr');
                $nextRow.slideToggle("fast");
                $this.text(function(i, text){
                    if (text === 'View') {
                        return 'Hide';
                    } else {
                        return 'View';
                    };
                });
            });
        });
    </script>
</body>
</html